INFO: {:host "localhost", :time "Mon Apr 15 14:34:52 EDT 2019", :service :timelord_web.web_build/check-login-form, :severity :info, :description "Successful login.", :username "test"}
INFO: {:host "localhost", :time "Tue Apr 16 09:48:21 EDT 2019", :service :timelord_web.web_build/check-login-form, :severity :info, :description "Successful login", :username "test", :metric 1, :tags [http auth login]}
INFO: {:host "localhost", :time "Tue Apr 16 09:48:21 EDT 2019", :service :timelord_web.page_data/tracker-form, :severity :info, :description "Serving Tracker Form to user.", :metric 1, :tags [app form pages http]}
INFO: {:host "localhost", :time "Tue Apr 16 09:51:35 EDT 2019", :service :timelord_web.page_data/tracker-form, :severity :info, :description "Serving Tracker Form to user.", :metric 1, :tags [app form pages http]}
INFO: {:host "localhost", :time "Tue Apr 16 09:51:39 EDT 2019", :service :timelord_web.page_data/tracker-form, :severity :info, :description "Serving Tracker Form to user.", :metric 1, :tags [app form pages http]}
INFO: {:host "localhost", :time "Tue Apr 16 09:53:03 EDT 2019", :service :timelord_web.page_data/tracker-form, :severity :info, :description "Serving Tracker Form to user.", :metric 1, :tags [app form pages http]}
INFO: {:host "localhost", :time "Tue Apr 16 09:53:05 EDT 2019", :service :timelord_web.page_data/tracker-form, :severity :info, :description "Serving Tracker Form to user.", :metric 1, :tags [app form pages http]}
INFO: {:host "localhost", :time "Tue Apr 16 09:53:31 EDT 2019", :service :timelord_web.page_data/tracker-form, :severity :info, :description "Serving Tracker Form to user.", :metric 1, :tags [app form pages http]}
INFO: {:host "localhost", :time "Tue Apr 16 09:53:49 EDT 2019", :service :timelord_web.web_build/check-login-form, :severity :info, :description "Successful login", :username "amorton", :metric 1, :tags [http auth login]}
INFO: {:host "localhost", :time "Tue Apr 16 09:53:49 EDT 2019", :service :timelord_web.page_data/tracker-form, :severity :info, :description "Serving Tracker Form to user.", :metric 1, :tags [app form pages http]}
INFO: {:host "localhost", :time "Tue Apr 16 09:54:53 EDT 2019", :service :timelord_web.web_build/check-login-form, :severity :info, :description "Successful login", :username "amorton", :metric 1, :tags [http auth login]}
INFO: {:host "localhost", :time "Tue Apr 16 09:54:53 EDT 2019", :service :timelord_web.page_data/tracker-form, :severity :info, :description "Serving Tracker Form to user.", :metric 1, :tags [app form pages http]}
INFO: {:host "localhost", :time "Tue Apr 16 10:02:13 EDT 2019", :service :timelord_web.page_data/tracker-form, :severity :info, :description "Serving Tracker Form to user.", :metric 1, :tags [app form pages http]}
INFO: {:host "localhost", :time "Tue Apr 16 14:43:57 EDT 2019", :service :timelord_web.page_data/tracker-form, :severity :info, :description "Serving Tracker Form to user.", :metric 1, :tags [app form pages http]}
INFO: {:host "localhost", :time "Tue Apr 16 14:44:24 EDT 2019", :service :timelord_web.page_data/tracker-form, :severity :info, :description "Serving Tracker Form to user.", :metric 1, :tags [app form pages http]}
INFO: {:host "localhost", :time "Tue Apr 16 14:48:36 EDT 2019", :service :timelord_web.page_data/tracker-form, :severity :info, :description "Serving Tracker Form to user.", :metric 1, :tags [app form pages http]}
INFO: {:host "localhost", :time "Tue Apr 16 14:49:58 EDT 2019", :service :timelord_web.page_data/tracker-form, :severity :info, :description "Serving Tracker Form to user.", :metric 1, :tags [app form pages http]}
INFO: {:host "localhost", :time "Tue Apr 16 14:50:44 EDT 2019", :service :timelord_web.page_data/tracker-form, :severity :info, :description "Serving Tracker Form to user.", :metric 1, :tags [app form pages http]}
INFO: {:host "localhost", :time "Tue Apr 16 14:51:43 EDT 2019", :service :timelord_web.page_data/tracker-form, :severity :info, :description "Serving Tracker Form to user.", :metric 1, :tags [app form pages http]}
INFO: {:host "localhost", :time "Tue Apr 16 14:54:44 EDT 2019", :service :timelord_web.page_data/tracker-form, :severity :info, :description "Serving Tracker Form to user.", :metric 1, :tags [app form pages http]}
INFO: {:host "localhost", :time "Tue Apr 16 14:55:06 EDT 2019", :service :timelord_web.page_data/tracker-form, :severity :info, :description "Serving Tracker Form to user.", :metric 1, :tags [app form pages http]}
INFO: {:host "localhost", :time "Tue Apr 16 17:55:02 EDT 2019", :service :timelord_web.web_build/check-login-form, :severity :info, :description "Successful login", :username "amorton", :metric 1, :tags [http auth login]}
INFO: {:host "localhost", :time "Tue Apr 16 17:55:02 EDT 2019", :service :timelord_web.page_data/tracker-form, :severity :info, :description "Serving Tracker Form to user.", :metric 1, :tags [app form pages http]}
INFO: {:host "localhost", :time "Wed Apr 17 06:47:58 EDT 2019", :service :timelord_web.web_build/check-login-form, :severity :info, :description "Successful login", :username "amorton", :metric 1, :tags [http auth login]}
INFO: {:host "localhost", :time "Wed Apr 17 06:47:58 EDT 2019", :service :timelord_web.page_data/tracker-form, :severity :info, :description "Serving Tracker Form to user.", :metric 1, :tags [app form pages http]}
INFO: {:host "localhost", :time "Wed Apr 17 06:50:04 EDT 2019", :service :timelord_web.page_data/tracker-form, :severity :info, :description "Serving Tracker Form to user.", :metric 1, :tags [app form pages http]}
INFO: {:host "localhost", :time "Wed Apr 17 06:50:15 EDT 2019", :service :timelord_web.page_data/tracker-form, :severity :info, :description "Serving Tracker Form to user.", :metric 1, :tags [app form pages http]}
INFO: {:host "localhost", :time "Wed Apr 17 06:51:33 EDT 2019", :service :timelord_web.page_data/tracker-form, :severity :info, :description "Serving Tracker Form to user.", :metric 1, :tags [app form pages http]}
INFO: {:host "localhost", :time "Wed Apr 17 06:52:07 EDT 2019", :service :timelord_web.page_data/tracker-form, :severity :info, :description "Serving Tracker Form to user.", :metric 1, :tags [app form pages http]}
INFO: {:host "localhost", :time "Wed Apr 17 06:52:12 EDT 2019", :service :timelord_web.page_data/tracker-form, :severity :info, :description "Serving Tracker Form to user.", :metric 1, :tags [app form pages http]}
INFO: {:host "localhost", :time "Wed Apr 17 06:52:21 EDT 2019", :service :timelord_web.page_data/tracker-form, :severity :info, :description "Serving Tracker Form to user.", :metric 1, :tags [app form pages http]}
INFO: {:host "localhost", :time "Wed Apr 17 06:52:32 EDT 2019", :service :timelord_web.page_data/tracker-form, :severity :info, :description "Serving Tracker Form to user.", :metric 1, :tags [app form pages http]}
INFO: {:host "localhost", :time "Wed Apr 17 06:53:14 EDT 2019", :service :timelord_web.page_data/tracker-form, :severity :info, :description "Serving Tracker Form to user.", :metric 1, :tags [app form pages http]}
INFO: {:host "localhost", :time "Wed Apr 17 06:53:14 EDT 2019", :service :timelord_web.page_data/tracker-form, :severity :info, :description "Serving Tracker Form to user.", :metric 1, :tags [app form pages http]}
INFO: {:host "localhost", :time "Wed Apr 17 06:53:15 EDT 2019", :service :timelord_web.page_data/tracker-form, :severity :info, :description "Serving Tracker Form to user.", :metric 1, :tags [app form pages http]}
INFO: {:host "localhost", :time "Wed Apr 17 06:53:26 EDT 2019", :service :timelord_web.page_data/tracker-form, :severity :info, :description "Serving Tracker Form to user.", :metric 1, :tags [app form pages http]}
INFO: {:host "localhost", :time "Wed Apr 17 06:53:45 EDT 2019", :service :timelord_web.page_data/tracker-form, :severity :info, :description "Serving Tracker Form to user.", :metric 1, :tags [app form pages http]}
INFO: {:host "localhost", :time "Wed Apr 17 06:53:53 EDT 2019", :service :timelord_web.page_data/tracker-form, :severity :info, :description "Serving Tracker Form to user.", :metric 1, :tags [app form pages http]}
INFO: {:host "localhost", :time "Wed Apr 17 06:54:04 EDT 2019", :service :timelord_web.page_data/tracker-form, :severity :info, :description "Serving Tracker Form to user.", :metric 1, :tags [app form pages http]}
INFO: {:host "localhost", :time "Wed Apr 17 06:55:56 EDT 2019", :service :timelord_web.page_data/tracker-form, :severity :info, :description "Serving Tracker Form to user.", :metric 1, :tags [app form pages http]}
INFO: {:host "localhost", :time "Wed Apr 17 06:56:08 EDT 2019", :service :timelord_web.page_data/tracker-form, :severity :info, :description "Serving Tracker Form to user.", :metric 1, :tags [app form pages http]}
INFO: {:host "localhost", :time "Wed Apr 17 06:59:29 EDT 2019", :service :timelord_web.page_data/tracker-form, :severity :info, :description "Serving Tracker Form to user.", :metric 1, :tags [app form pages http]}
INFO: {:host "localhost", :time "Wed Apr 17 06:59:35 EDT 2019", :service :timelord_web.page_data/tracker-form, :severity :info, :description "Serving Tracker Form to user.", :metric 1, :tags [app form pages http]}
INFO: {:host "localhost", :time "Wed Apr 17 06:59:37 EDT 2019", :service :timelord_web.page_data/tracker-form, :severity :info, :description "Serving Tracker Form to user.", :metric 1, :tags [app form pages http]}
INFO: {:host "localhost", :time "Wed Apr 17 07:00:16 EDT 2019", :service :timelord_web.page_data/tracker-form, :severity :info, :description "Serving Tracker Form to user.", :metric 1, :tags [app form pages http]}
INFO: {:host "localhost", :time "Wed Apr 17 07:01:12 EDT 2019", :service :timelord_web.page_data/tracker-form, :severity :info, :description "Serving Tracker Form to user.", :metric 1, :tags [app form pages http]}
INFO: {:host "localhost", :time "Wed Apr 17 07:02:23 EDT 2019", :service :timelord_web.page_data/tracker-form, :severity :info, :description "Serving Tracker Form to user.", :metric 1, :tags [app form pages http]}
INFO: {:host "localhost", :time "Wed Apr 17 07:02:25 EDT 2019", :service :timelord_web.page_data/tracker-form, :severity :info, :description "Serving Tracker Form to user.", :metric 1, :tags [app form pages http]}
INFO: {:host "localhost", :time "Wed Apr 17 07:02:34 EDT 2019", :service :timelord_web.page_data/tracker-form, :severity :info, :description "Serving Tracker Form to user.", :metric 1, :tags [app form pages http]}
INFO: {:host "localhost", :time "Wed Apr 17 07:02:35 EDT 2019", :service :timelord_web.page_data/tracker-form, :severity :info, :description "Serving Tracker Form to user.", :metric 1, :tags [app form pages http]}
INFO: {:host "localhost", :time "Wed Apr 17 07:03:47 EDT 2019", :service :timelord_web.page_data/tracker-form, :severity :info, :description "Serving Tracker Form to user.", :metric 1, :tags [app form pages http]}
INFO: {:host "localhost", :time "Wed Apr 17 07:04:40 EDT 2019", :service :timelord_web.page_data/tracker-form, :severity :info, :description "Serving Tracker Form to user.", :metric 1, :tags [app form pages http]}
INFO: {:host "localhost", :time "Wed Apr 17 07:04:41 EDT 2019", :service :timelord_web.page_data/tracker-form, :severity :info, :description "Serving Tracker Form to user.", :metric 1, :tags [app form pages http]}
INFO: {:host "localhost", :time "Wed Apr 17 07:05:48 EDT 2019", :service :timelord_web.page_data/tracker-form, :severity :info, :description "Serving Tracker Form to user.", :metric 1, :tags [app form pages http]}
INFO: {:host "localhost", :time "Wed Apr 17 07:14:24 EDT 2019", :service :timelord_web.page_data/tracker-form, :severity :info, :description "Serving Tracker Form to user.", :metric 1, :tags [app form pages http]}
INFO: {:host "localhost", :time "Wed Apr 17 07:15:28 EDT 2019", :service :timelord_web.page_data/tracker-form, :severity :info, :description "Serving Tracker Form to user.", :metric 1, :tags [app form pages http]}
INFO: {:host "localhost", :time "Wed Apr 17 07:15:53 EDT 2019", :service :timelord_web.page_data/tracker-form, :severity :info, :description "Serving Tracker Form to user.", :metric 1, :tags [app form pages http]}
INFO: {:host "localhost", :time "Wed Apr 17 07:16:17 EDT 2019", :service :timelord_web.page_data/tracker-form, :severity :info, :description "Serving Tracker Form to user.", :metric 1, :tags [app form pages http]}
INFO: {:host "localhost", :time "Wed Apr 17 07:21:25 EDT 2019", :service :timelord_web.page_data/tracker-form, :severity :info, :description "Serving Tracker Form to user.", :metric 1, :tags [app form pages http]}
INFO: {:host "localhost", :time "Wed Apr 17 07:22:00 EDT 2019", :service :timelord_web.page_data/tracker-form, :severity :info, :description "Serving Tracker Form to user.", :metric 1, :tags [app form pages http]}
INFO: {:host "localhost", :time "Wed Apr 17 07:22:55 EDT 2019", :service :timelord_web.page_data/tracker-form, :severity :info, :description "Serving Tracker Form to user.", :metric 1, :tags [app form pages http]}
INFO: {:host "localhost", :time "Wed Apr 17 07:23:35 EDT 2019", :service :timelord_web.page_data/tracker-form, :severity :info, :description "Serving Tracker Form to user.", :metric 1, :tags [app form pages http]}
INFO: {:host "localhost", :time "Wed Apr 17 07:25:06 EDT 2019", :service :timelord_web.page_data/tracker-form, :severity :info, :description "Serving Tracker Form to user.", :metric 1, :tags [app form pages http]}
INFO: {:host "localhost", :time "Wed Apr 17 07:25:07 EDT 2019", :service :timelord_web.page_data/tracker-form, :severity :info, :description "Serving Tracker Form to user.", :metric 1, :tags [app form pages http]}
INFO: {:host "localhost", :time "Wed Apr 17 07:25:36 EDT 2019", :service :timelord_web.page_data/tracker-form, :severity :info, :description "Serving Tracker Form to user.", :metric 1, :tags [app form pages http]}
INFO: {:host "localhost", :time "Wed Apr 17 07:27:25 EDT 2019", :service :timelord_web.page_data/tracker-form, :severity :info, :description "Serving Tracker Form to user.", :metric 1, :tags [app form pages http]}
INFO: {:host "localhost", :time "Wed Apr 17 07:29:22 EDT 2019", :service :timelord_web.page_data/tracker-form, :severity :info, :description "Serving Tracker Form to user.", :metric 1, :tags [app form pages http]}
INFO: {:host "localhost", :time "Wed Apr 17 07:30:06 EDT 2019", :service :timelord_web.page_data/tracker-form, :severity :info, :description "Serving Tracker Form to user.", :metric 1, :tags [app form pages http]}
INFO: {:host "localhost", :time "Wed Apr 17 07:31:28 EDT 2019", :service :timelord_web.page_data/tracker-form, :severity :info, :description "Serving Tracker Form to user.", :metric 1, :tags [app form pages http]}
INFO: {:host "localhost", :time "Wed Apr 17 07:32:43 EDT 2019", :service :timelord_web.page_data/tracker-form, :severity :info, :description "Serving Tracker Form to user.", :metric 1, :tags [app form pages http]}
INFO: {:host "localhost", :time "Wed Apr 17 07:54:29 EDT 2019", :service :timelord_web.web_build/check-login-form, :severity :info, :description "Successful login", :username "amorton", :metric 1, :tags [http auth login]}
INFO: {:host "localhost", :time "Wed Apr 17 07:54:29 EDT 2019", :service :timelord_web.page_data/tracker-form, :severity :info, :description "Serving Tracker Form to user.", :metric 1, :tags [app form pages http]}
